<?xml version="1.0" encoding="UTF-8"?>
<testsuite name="allTests.CalculatorTest" tests="7" skipped="0" failures="0" errors="0" timestamp="2022-10-03T10:48:46" hostname="ASHISH-PC" time="0.014">
  <properties/>
  <testcase name="add[0: sum(0 + 0)=0]" classname="allTests.CalculatorTest" time="0.005"/>
  <testcase name="add[1: sum(1 + 1)=2]" classname="allTests.CalculatorTest" time="0.0"/>
  <testcase name="add[2: sum(2 + 1)=3]" classname="allTests.CalculatorTest" time="0.001"/>
  <testcase name="add[3: sum(1 + 3)=4]" classname="allTests.CalculatorTest" time="0.001"/>
  <testcase name="add[4: sum(-4 + 4)=0]" classname="allTests.CalculatorTest" time="0.001"/>
  <testcase name="add[5: sum(-5 + -5)=-10]" classname="allTests.CalculatorTest" time="0.003"/>
  <testcase name="add[6: sum(-3 + 6)=3]" classname="allTests.CalculatorTest" time="0.001"/>
  <system-out><![CDATA[1
2
3
4
5
6
7
8
9
10
Test Run completed-add
1
2
3
4
5
6
7
8
9
10
Test Run completed-add
1
2
3
4
5
6
7
8
9
10
Test Run completed-add
1
2
3
4
5
6
7
8
9
10
Test Run completed-add
1
2
3
4
5
6
7
8
9
10
Test Run completed-add
1
2
3
4
5
6
7
8
9
10
Test Run completed-add
1
2
3
4
5
6
7
8
9
10
Test Run completed-add
]]></system-out>
  <system-err><![CDATA[]]></system-err>
</testsuite>
